[19:37:22.192][info] [#0:/home/youzark/.config/coc/extensions/coc-sumneko-lua-data/sumneko-lua-ls/extension/server/main.lua:49]: Lua Lsp startup, root: 	/home/youzark/.config/coc/extensions/coc-sumneko-lua-data/sumneko-lua-ls/extension/server
[19:37:22.192][debug][#0:/home/youzark/.config/coc/extensions/coc-sumneko-lua-data/sumneko-lua-ls/extension/server/main.lua:50]: ROOT:	/home/youzark/.config/coc/extensions/coc-sumneko-lua-data/sumneko-lua-ls/extension/server
[19:37:22.192][debug][#0:/home/youzark/.config/coc/extensions/coc-sumneko-lua-data/sumneko-lua-ls/extension/server/main.lua:51]: LOGPATH:	/home/youzark/.config/coc/extensions/coc-sumneko-lua-data/sumneko-lua-ls/extension/server/log
[19:37:22.192][debug][#0:/home/youzark/.config/coc/extensions/coc-sumneko-lua-data/sumneko-lua-ls/extension/server/main.lua:52]: METAPATH:	/home/youzark/.config/coc/extensions/coc-sumneko-lua-data/sumneko-lua-ls/extension/server/meta
[19:37:22.193][debug][#0:/home/youzark/.config/coc/extensions/coc-sumneko-lua-data/sumneko-lua-ls/extension/server/main.lua:53]: VERSION:	2.6.0
[19:37:22.240][info] [#0:script/service/telemetry.lua:21]: Telemetry Token:	78EC4F442F7E2860
[19:37:22.253][info] [#0:script/pub/pub.lua:48]: Create brave:	1
[19:37:22.253][info] [#0:script/pub/pub.lua:48]: Create brave:	2
[19:37:22.253][info] [#0:script/pub/pub.lua:48]: Create brave:	3
[19:37:22.253][info] [#0:script/pub/pub.lua:48]: Create brave:	4
[19:37:22.253][debug][#0:script/service/service.lua:139]: 
========= Medical Examination Report =========
    --------------- Memory ---------------
        Total: 1.338 MB
        # 00 : 1.338 MB
        # 01 : 0.000 MB
        # 02 : 0.000 MB
        # 03 : 0.000 MB
        # 04 : 0.000 MB
    --------------- Coroutine ---------------
        Total:     0
        Running:   0
        Suspended: 0
        Normal:    0
        Dead:      0
    --------------- Cache ---------------
        Total: 1
        Dead:  0
    ---------------  RPC  ---------------
        Holdon:   0
        Waiting:  0
==============================================
[19:37:22.361][debug][#0:script/client.lua:402]: Client init	{
    capabilities = {
        general = {
            markdown = {
                parser = "marked",
                version = "1.1.0",
            },
            regularExpressions = {
                engine = "ECMAScript",
                version = "ES2020",
            },
        },
        textDocument = {
            callHierarchy = {
                dynamicRegistration = true,
            },
            codeAction = {
                codeActionLiteralSupport = {
                    codeActionKind = {
                        valueSet = {
                            [1] = "",
                            [2] = "quickfix",
                            [3] = "refactor",
                            [4] = "refactor.extract",
                            [5] = "refactor.inline",
                            [6] = "refactor.rewrite",
                            [7] = "source",
                            [8] = "source.organizeImports",
                        },
                    },
                },
                dataSupport = true,
                disabledSupport = true,
                dynamicRegistration = true,
                honorsChangeAnnotations = false,
                isPreferredSupport = true,
                resolveSupport = {
                    properties = {
                        [1] = "edit",
                    },
                },
            },
            codeLens = {
                dynamicRegistration = true,
            },
            colorProvider = {
                dynamicRegistration = true,
            },
            completion = {
                completionItem = {
                    commitCharactersSupport = true,
                    deprecatedSupport = true,
                    documentationFormat = {
                        [1] = "markdown",
                        [2] = "plaintext",
                    },
                    insertReplaceSupport = true,
                    insertTextModeSupport = {
                        valueSet = {
                            [1] = 1,
                            [2] = 2,
                        },
                    },
                    preselectSupport = true,
                    resolveSupport = {
                        properties = {
                            [1] = "documentation",
                            [2] = "detail",
                            [3] = "additionalTextEdits",
                        },
                    },
                    snippetSupport = true,
                    tagSupport = {
                        valueSet = {
                            [1] = 1,
                        },
                    },
                },
                completionItemKind = {
                    valueSet = {
                        [01] = 1,
                        [02] = 2,
                        [03] = 3,
                        [04] = 4,
                        [05] = 5,
                        [06] = 6,
                        [07] = 7,
                        [08] = 8,
                        [09] = 9,
                        [10] = 10,
                        [11] = 11,
                        [12] = 12,
                        [13] = 13,
                        [14] = 14,
                        [15] = 15,
                        [16] = 16,
                        [17] = 17,
                        [18] = 18,
                        [19] = 19,
                        [20] = 20,
                        [21] = 21,
                        [22] = 22,
                        [23] = 23,
                        [24] = 24,
                        [25] = 25,
                    },
                },
                contextSupport = true,
                dynamicRegistration = true,
            },
            declaration = {
                dynamicRegistration = true,
            },
            definition = {
                dynamicRegistration = true,
            },
            documentHighlight = {
                dynamicRegistration = true,
            },
            documentLink = {
                dynamicRegistration = true,
                tooltipSupport = true,
            },
            documentSymbol = {
                dynamicRegistration = true,
                hierarchicalDocumentSymbolSupport = true,
                symbolKind = {
                    valueSet = {
                        [01] = 1,
                        [02] = 2,
                        [03] = 3,
                        [04] = 4,
                        [05] = 5,
                        [06] = 6,
                        [07] = 7,
                        [08] = 8,
                        [09] = 9,
                        [10] = 10,
                        [11] = 11,
                        [12] = 12,
                        [13] = 13,
                        [14] = 14,
                        [15] = 15,
                        [16] = 16,
                        [17] = 17,
                        [18] = 18,
                        [19] = 19,
                        [20] = 20,
                        [21] = 21,
                        [22] = 22,
                        [23] = 23,
                        [24] = 24,
                        [25] = 25,
                        [26] = 26,
                    },
                },
                tagSupport = {
                    valueSet = {
                        [1] = 1,
                    },
                },
            },
            foldingRange = {
                dynamicRegistration = true,
                lineFoldingOnly = true,
                rangeLimit = 5000,
            },
            formatting = {
                dynamicRegistration = true,
            },
            hover = {
                contentFormat = {
                    [1] = "markdown",
                    [2] = "plaintext",
                },
                dynamicRegistration = true,
            },
            implementation = {
                dynamicRegistration = true,
            },
            linkedEditingRange = {
                dynamicRegistration = true,
            },
            onTypeFormatting = {
                dynamicRegistration = true,
            },
            publishDiagnostics = {
                relatedInformation = true,
                tagSupport = {
                    valueSet = {
                        [1] = 1,
                        [2] = 2,
                    },
                },
                versionSupport = false,
            },
            rangeFormatting = {
                dynamicRegistration = true,
            },
            references = {
                dynamicRegistration = true,
            },
            rename = {
                dynamicRegistration = true,
                prepareSupport = true,
            },
            selectionRange = {
                dynamicRegistration = true,
            },
            semanticTokens = {
                dynamicRegistration = true,
                formats = {
                    [1] = "relative",
                },
                multilineTokenSupport = false,
                overlappingTokenSupport = false,
                requests = {
                    full = {
                        delta = true,
                    },
                    range = true,
                },
                tokenModifiers = {
                    [01] = "declaration",
                    [02] = "definition",
                    [03] = "readonly",
                    [04] = "static",
                    [05] = "deprecated",
                    [06] = "abstract",
                    [07] = "async",
                    [08] = "modification",
                    [09] = "documentation",
                    [10] = "defaultLibrary",
                },
                tokenTypes = {
                    [01] = "namespace",
                    [02] = "type",
                    [03] = "class",
                    [04] = "enum",
                    [05] = "interface",
                    [06] = "struct",
                    [07] = "typeParameter",
                    [08] = "parameter",
                    [09] = "variable",
                    [10] = "property",
                    [11] = "enumMember",
                    [12] = "event",
                    [13] = "function",
                    [14] = "method",
                    [15] = "macro",
                    [16] = "keyword",
                    [17] = "modifier",
                    [18] = "comment",
                    [19] = "string",
                    [20] = "number",
                    [21] = "regexp",
                    [22] = "operator",
                },
            },
            signatureHelp = {
                contextSupport = true,
                dynamicRegistration = true,
                signatureInformation = {
                    activeParameterSupport = true,
                    documentationFormat = {
                        [1] = "markdown",
                        [2] = "plaintext",
                    },
                    parameterInformation = {
                        labelOffsetSupport = true,
                    },
                },
            },
            synchronization = {
                didSave = true,
                dynamicRegistration = true,
                willSave = true,
                willSaveWaitUntil = true,
            },
            typeDefinition = {
                dynamicRegistration = true,
            },
        },
        window = {
            showDocument = {
                support = false,
            },
            showMessage = {
                messageActionItem = {
                    additionalPropertiesSupport = false,
                },
            },
            workDoneProgress = true,
        },
        workspace = {
            applyEdit = true,
            codeLens = {
                refreshSupport = true,
            },
            configuration = true,
            didChangeConfiguration = {
                dynamicRegistration = true,
            },
            didChangeWatchedFiles = {
                dynamicRegistration = true,
            },
            executeCommand = {
                dynamicRegistration = true,
            },
            fileOperations = {
                didCreate = true,
                didDelete = true,
                didRename = true,
                dynamicRegistration = true,
                willCreate = true,
                willDelete = true,
                willRename = true,
            },
            semanticTokens = {
                refreshSupport = true,
            },
            symbol = {
                dynamicRegistration = true,
                symbolKind = {
                    valueSet = {
                        [01] = 1,
                        [02] = 2,
                        [03] = 3,
                        [04] = 4,
                        [05] = 5,
                        [06] = 6,
                        [07] = 7,
                        [08] = 8,
                        [09] = 9,
                        [10] = 10,
                        [11] = 11,
                        [12] = 12,
                        [13] = 13,
                        [14] = 14,
                        [15] = 15,
                        [16] = 16,
                        [17] = 17,
                        [18] = 18,
                        [19] = 19,
                        [20] = 20,
                        [21] = 21,
                        [22] = 22,
                        [23] = 23,
                        [24] = 24,
                        [25] = 25,
                        [26] = 26,
                    },
                },
                tagSupport = {
                    valueSet = {
                        [1] = 1,
                    },
                },
            },
            workspaceEdit = {
                documentChanges = true,
                failureHandling = "textOnlyTransactional",
                resourceOperations = {
                    [1] = "create",
                    [2] = "rename",
                    [3] = "delete",
                },
            },
            workspaceFolders = true,
        },
    },
    clientInfo = {
        name = "coc.nvim",
        version = "0.0.80",
    },
    initializationOptions = {
        changeConfiguration = true,
    },
    locale = "en_US",
    processId = 23728,
    rootPath = "/home/youzark/.config/nvim/lua",
    rootUri = "file:///home/youzark/.config/nvim/lua",
    trace = "off",
    workDoneToken = "caf88b9c-f987-4a04-bf93-623520349e4f",
    workspaceFolders = {
        [1] = {
            name = "/home/youzark/.config/nvim",
            uri = "file:///home/youzark/.config/nvim/lua",
        },
    },
}
[19:37:22.362][info] [#0:script/language.lua:135]: VSC language: en-us
[19:37:22.362][info] [#0:script/language.lua:136]: LS  language: en-us
[19:37:22.362][info] [#0:script/workspace/workspace.lua:39]: Workspace init root: 	file:///home/youzark/.config/nvim/lua
[19:37:22.362][info] [#0:script/workspace/workspace.lua:43]: Log path: 	/home/youzark/.config/coc/extensions/coc-sumneko-lua-data/sumneko-lua-ls/extension/server/log/file_home_youzark_.config_nvim_lua.log
[19:37:22.362][info] [#0:script/workspace/workspace.lua:49]: Workspace create: 	file:///home/youzark/.config/nvim/lua
[19:37:22.568][debug][#0:script/provider/provider.lua:36]: Load config from client	file:///home/youzark/.config/nvim/lua
[19:37:22.569][debug][#0:script/provider/provider.lua:37]: {
    Lua = {
        color = {
            mode = "Semantic",
        },
        completion = {
            autoRequire = true,
            callSnippet = "Disable",
            displayContext = 0,
            enable = true,
            keywordSnippet = "Replace",
            requireSeparator = ".",
            showParams = true,
            showWord = "Fallback",
            workspaceWord = true,
        },
        diagnostics = {
            enable = true,
            ignoredFiles = "Opened",
            libraryFiles = "Opened",
            workspaceDelay = 0,
            workspaceRate = 100,
        },
        hint = {
            enable = true,
            paramName = "All",
            paramType = true,
            setType = false,
        },
        hover = {
            enable = true,
            enumsLimit = 5,
            fieldInfer = 3000,
            previewFields = 20,
            viewNumber = true,
            viewString = true,
            viewStringMax = 1000,
        },
        intelliSense = {
            searchDepth = 0,
        },
        misc = {
            parameters = {
            },
        },
        runtime = {
            fileEncoding = "utf8",
            path = {
                [1] = "?.lua",
                [2] = "?/init.lua",
            },
            plugin = "",
            unicodeName = false,
            version = "Lua 5.4",
        },
        signatureHelp = {
            enable = true,
        },
        telemetry = {
            enable = true,
        },
        window = {
            progressBar = true,
            statusBar = true,
        },
        workspace = {
            checkThirdParty = true,
            ignoreDir = {
                [1] = ".vscode",
            },
            ignoreSubmodules = true,
            maxPreload = 1000,
            preloadFileSize = 100,
            useGitIgnore = true,
        },
    },
}
[19:37:22.671][debug][#0:script/provider/provider.lua:50]: Load config from client	fallback
[19:37:22.672][debug][#0:script/provider/provider.lua:51]: {
    Lua = {
        color = {
            mode = "Semantic",
        },
        completion = {
            autoRequire = true,
            callSnippet = "Disable",
            displayContext = 0,
            enable = true,
            keywordSnippet = "Replace",
            requireSeparator = ".",
            showParams = true,
            showWord = "Fallback",
            workspaceWord = true,
        },
        diagnostics = {
            enable = true,
            ignoredFiles = "Opened",
            libraryFiles = "Opened",
            workspaceDelay = 0,
            workspaceRate = 100,
        },
        hint = {
            enable = true,
            paramName = "All",
            paramType = true,
            setType = false,
        },
        hover = {
            enable = true,
            enumsLimit = 5,
            fieldInfer = 3000,
            previewFields = 20,
            viewNumber = true,
            viewString = true,
            viewStringMax = 1000,
        },
        intelliSense = {
            searchDepth = 0,
        },
        misc = {
            parameters = {
            },
        },
        runtime = {
            fileEncoding = "utf8",
            path = {
                [1] = "?.lua",
                [2] = "?/init.lua",
            },
            plugin = "",
            unicodeName = false,
            version = "Lua 5.4",
        },
        signatureHelp = {
            enable = true,
        },
        telemetry = {
            enable = true,
        },
        window = {
            progressBar = true,
            statusBar = true,
        },
        workspace = {
            checkThirdParty = true,
            ignoreDir = {
                [1] = ".vscode",
            },
            ignoreSubmodules = true,
            maxPreload = 1000,
            preloadFileSize = 100,
            useGitIgnore = true,
        },
    },
}
[19:37:22.825][info] [#0:script/plugin.lua:82]: plugin path:	nil
[19:37:22.825][debug][#0:script/provider/completion.lua:37]: Enable completion.
[19:37:22.825][debug][#0:script/provider/semantic-tokens.lua:50]: Refresh semantic tokens.
[19:37:22.825][debug][#0:script/provider/semantic-tokens.lua:50]: Refresh semantic tokens.
[19:37:22.825][info] [#0:script/workspace/workspace.lua:264]: Preload start:	file:///home/youzark/.config/nvim/lua
[19:37:22.825][info] [#0:script/workspace/workspace.lua:264]: Preload start:	<fallback>
[19:37:22.825][info] [#0:script/workspace/workspace.lua:140]: Ignore directory:	.vscode
[19:37:22.826][info] [#0:script/workspace/workspace.lua:286]: Found 0 files at:	<fallback>
[19:37:22.826][info] [#0:script/workspace/workspace.lua:288]: Preload finish at:	<fallback>
[19:37:23.026][info] [#0:script/workspace/workspace.lua:140]: Ignore directory:	.vscode
[19:37:23.027][info] [#0:script/workspace/workspace.lua:270]: Scan files at:	file:///home/youzark/.config/nvim/lua
[19:37:23.028][info] [#0:script/workspace/workspace.lua:278]: Scan library at:	file:///home/youzark/.config/coc/extensions/coc-sumneko-lua-data/sumneko-lua-ls/extension/server/meta/Lua%205.4%20en-us%20utf8
[19:37:23.031][info] [#0:script/workspace/workspace.lua:286]: Found 15 files at:	file:///home/youzark/.config/nvim/lua
[19:37:23.031][info] [#0:script/workspace/loading.lua:141]: Loaded 0/15 files
[19:37:24.286][info] [#0:script/workspace/loading.lua:141]: Loaded 0/15 files
[19:37:24.286][info] [#0:script/workspace/loading.lua:82]: Preload file at: file:///home/youzark/.config/nvim/lua/utils.lua , size = 4.253 KB
[19:37:24.310][info] [#0:script/workspace/loading.lua:82]: Preload file at: file:///home/youzark/.config/coc/extensions/coc-sumneko-lua-data/sumneko-lua-ls/extension/server/meta/Lua%205.4%20en-us%20utf8/io.lua , size = 6.375 KB
[19:37:24.320][info] [#0:script/workspace/loading.lua:87]: ++++As library of:	file:///home/youzark/.config/coc/extensions/coc-sumneko-lua-data/sumneko-lua-ls/extension/server/meta/Lua%205.4%20en-us%20utf8
[19:37:24.321][info] [#0:script/workspace/loading.lua:82]: Preload file at: file:///home/youzark/.config/coc/extensions/coc-sumneko-lua-data/sumneko-lua-ls/extension/server/meta/Lua%205.4%20en-us%20utf8/string.lua , size = 6.207 KB
[19:37:24.332][info] [#0:script/workspace/loading.lua:87]: ++++As library of:	file:///home/youzark/.config/coc/extensions/coc-sumneko-lua-data/sumneko-lua-ls/extension/server/meta/Lua%205.4%20en-us%20utf8
[19:37:24.332][info] [#0:script/workspace/loading.lua:82]: Preload file at: file:///home/youzark/.config/coc/extensions/coc-sumneko-lua-data/sumneko-lua-ls/extension/server/meta/Lua%205.4%20en-us%20utf8/utf8.lua , size = 2.352 KB
[19:37:24.335][info] [#0:script/workspace/loading.lua:87]: ++++As library of:	file:///home/youzark/.config/coc/extensions/coc-sumneko-lua-data/sumneko-lua-ls/extension/server/meta/Lua%205.4%20en-us%20utf8
[19:37:24.335][info] [#0:script/workspace/loading.lua:82]: Preload file at: file:///home/youzark/.config/coc/extensions/coc-sumneko-lua-data/sumneko-lua-ls/extension/server/meta/Lua%205.4%20en-us%20utf8/package.lua , size = 2.937 KB
[19:37:24.339][info] [#0:script/workspace/loading.lua:87]: ++++As library of:	file:///home/youzark/.config/coc/extensions/coc-sumneko-lua-data/sumneko-lua-ls/extension/server/meta/Lua%205.4%20en-us%20utf8
[19:37:24.339][info] [#0:script/workspace/loading.lua:82]: Preload file at: file:///home/youzark/.config/coc/extensions/coc-sumneko-lua-data/sumneko-lua-ls/extension/server/meta/Lua%205.4%20en-us%20utf8/basic.lua , size = 13.954 KB
[19:37:24.349][info] [#0:script/workspace/loading.lua:87]: ++++As library of:	file:///home/youzark/.config/coc/extensions/coc-sumneko-lua-data/sumneko-lua-ls/extension/server/meta/Lua%205.4%20en-us%20utf8
[19:37:24.350][info] [#0:script/workspace/loading.lua:82]: Preload file at: file:///home/youzark/.config/coc/extensions/coc-sumneko-lua-data/sumneko-lua-ls/extension/server/meta/Lua%205.4%20en-us%20utf8/math.lua , size = 8.633 KB
[19:37:24.356][info] [#0:script/workspace/loading.lua:87]: ++++As library of:	file:///home/youzark/.config/coc/extensions/coc-sumneko-lua-data/sumneko-lua-ls/extension/server/meta/Lua%205.4%20en-us%20utf8
[19:37:24.356][info] [#0:script/workspace/loading.lua:82]: Preload file at: file:///home/youzark/.config/coc/extensions/coc-sumneko-lua-data/sumneko-lua-ls/extension/server/meta/Lua%205.4%20en-us%20utf8/table.lua , size = 2.767 KB
[19:37:24.359][info] [#0:script/workspace/loading.lua:87]: ++++As library of:	file:///home/youzark/.config/coc/extensions/coc-sumneko-lua-data/sumneko-lua-ls/extension/server/meta/Lua%205.4%20en-us%20utf8
[19:37:24.359][info] [#0:script/workspace/loading.lua:82]: Preload file at: file:///home/youzark/.config/coc/extensions/coc-sumneko-lua-data/sumneko-lua-ls/extension/server/meta/Lua%205.4%20en-us%20utf8/os.lua , size = 4.299 KB
[19:37:24.363][info] [#0:script/workspace/loading.lua:87]: ++++As library of:	file:///home/youzark/.config/coc/extensions/coc-sumneko-lua-data/sumneko-lua-ls/extension/server/meta/Lua%205.4%20en-us%20utf8
[19:37:24.363][info] [#0:script/workspace/loading.lua:82]: Preload file at: file:///home/youzark/.config/coc/extensions/coc-sumneko-lua-data/sumneko-lua-ls/extension/server/meta/Lua%205.4%20en-us%20utf8/debug.lua , size = 7.516 KB
[19:37:24.368][info] [#0:script/workspace/loading.lua:87]: ++++As library of:	file:///home/youzark/.config/coc/extensions/coc-sumneko-lua-data/sumneko-lua-ls/extension/server/meta/Lua%205.4%20en-us%20utf8
[19:37:24.369][info] [#0:script/workspace/loading.lua:82]: Preload file at: file:///home/youzark/.config/coc/extensions/coc-sumneko-lua-data/sumneko-lua-ls/extension/server/meta/Lua%205.4%20en-us%20utf8/coroutine.lua , size = 2.573 KB
[19:37:24.371][info] [#0:script/workspace/loading.lua:87]: ++++As library of:	file:///home/youzark/.config/coc/extensions/coc-sumneko-lua-data/sumneko-lua-ls/extension/server/meta/Lua%205.4%20en-us%20utf8
[19:37:24.371][info] [#0:script/workspace/loading.lua:82]: Preload file at: file:///home/youzark/.config/coc/extensions/coc-sumneko-lua-data/sumneko-lua-ls/extension/server/meta/Lua%205.4%20en-us%20utf8/builtin.lua , size = 0.216 KB
[19:37:24.372][info] [#0:script/workspace/loading.lua:87]: ++++As library of:	file:///home/youzark/.config/coc/extensions/coc-sumneko-lua-data/sumneko-lua-ls/extension/server/meta/Lua%205.4%20en-us%20utf8
[19:37:24.372][info] [#0:script/workspace/loading.lua:82]: Preload file at: file:///home/youzark/.config/nvim/lua/options.lua , size = 0.145 KB
[19:37:24.373][info] [#0:script/workspace/loading.lua:82]: Preload file at: file:///home/youzark/.config/nvim/lua/plugins.lua , size = 2.379 KB
[19:37:24.374][info] [#0:script/workspace/loading.lua:82]: Preload file at: file:///home/youzark/.config/nvim/lua/init.lua , size = 0.039 KB
[19:37:26.287][info] [#0:script/workspace/workspace.lua:288]: Preload finish at:	file:///home/youzark/.config/nvim/lua
[19:37:26.328][debug][#0:script/provider/diagnostic.lua:247]: publishDiagnostics	file:///home/youzark/.config/nvim/lua/options.lua	2
[19:37:28.336][debug][#0:script/provider/diagnostic.lua:247]: publishDiagnostics	file:///home/youzark/.config/nvim/lua/plugins.lua	1
[19:37:28.336][debug][#0:script/provider/diagnostic.lua:247]: publishDiagnostics	file:///home/youzark/.config/nvim/lua/utils.lua	2
[19:37:28.337][debug][#0:script/provider/diagnostic.lua:247]: publishDiagnostics	file:///home/youzark/.config/nvim/lua/utils.lua	21
[19:37:28.337][debug][#0:script/provider/diagnostic.lua:379]: 全文诊断耗时：	0.049881
[19:37:55.778][debug][#0:script/provider/diagnostic.lua:247]: publishDiagnostics	file:///home/youzark/.config/nvim/lua/options.lua	4
[19:37:55.779][debug][#0:script/provider/diagnostic.lua:247]: publishDiagnostics	file:///home/youzark/.config/nvim/lua/options.lua	11
[19:37:56.788][debug][#0:script/provider/diagnostic.lua:247]: publishDiagnostics	file:///home/youzark/.config/nvim/lua/options.lua	9
[19:37:56.791][debug][#0:script/provider/diagnostic.lua:247]: publishDiagnostics	file:///home/youzark/.config/nvim/lua/options.lua	2
[19:37:58.354][debug][#0:script/provider/diagnostic.lua:379]: 全文诊断耗时：	0.053413
