[09:57:35.749][info] [#0:/home/youzark/.config/coc/extensions/coc-sumneko-lua-data/sumneko-lua-ls/extension/server/main.lua:49]: Lua Lsp startup, root: 	/home/youzark/.config/coc/extensions/coc-sumneko-lua-data/sumneko-lua-ls/extension/server
[09:57:35.749][debug][#0:/home/youzark/.config/coc/extensions/coc-sumneko-lua-data/sumneko-lua-ls/extension/server/main.lua:50]: ROOT:	/home/youzark/.config/coc/extensions/coc-sumneko-lua-data/sumneko-lua-ls/extension/server
[09:57:35.749][debug][#0:/home/youzark/.config/coc/extensions/coc-sumneko-lua-data/sumneko-lua-ls/extension/server/main.lua:51]: LOGPATH:	/home/youzark/.config/coc/extensions/coc-sumneko-lua-data/sumneko-lua-ls/extension/server/log
[09:57:35.749][debug][#0:/home/youzark/.config/coc/extensions/coc-sumneko-lua-data/sumneko-lua-ls/extension/server/main.lua:52]: METAPATH:	/home/youzark/.config/coc/extensions/coc-sumneko-lua-data/sumneko-lua-ls/extension/server/meta
[09:57:35.749][debug][#0:/home/youzark/.config/coc/extensions/coc-sumneko-lua-data/sumneko-lua-ls/extension/server/main.lua:53]: VERSION:	2.6.0
[09:57:35.790][info] [#0:script/service/telemetry.lua:21]: Telemetry Token:	78EC4F442F7E2860
[09:57:35.796][info] [#0:script/pub/pub.lua:48]: Create brave:	1
[09:57:35.796][info] [#0:script/pub/pub.lua:48]: Create brave:	2
[09:57:35.796][info] [#0:script/pub/pub.lua:48]: Create brave:	3
[09:57:35.796][info] [#0:script/pub/pub.lua:48]: Create brave:	4
[09:57:35.796][debug][#0:script/service/service.lua:139]: 
========= Medical Examination Report =========
    --------------- Memory ---------------
        Total: 1.338 MB
        # 00 : 1.338 MB
        # 01 : 0.000 MB
        # 02 : 0.000 MB
        # 03 : 0.000 MB
        # 04 : 0.000 MB
    --------------- Coroutine ---------------
        Total:     0
        Running:   0
        Suspended: 0
        Normal:    0
        Dead:      0
    --------------- Cache ---------------
        Total: 1
        Dead:  0
    ---------------  RPC  ---------------
        Holdon:   0
        Waiting:  0
==============================================
[09:57:35.903][debug][#0:script/client.lua:402]: Client init	{
    capabilities = {
        general = {
            markdown = {
                parser = "marked",
                version = "4.0.10",
            },
            regularExpressions = {
                engine = "ECMAScript",
                version = "ES2020",
            },
        },
        textDocument = {
            callHierarchy = {
                dynamicRegistration = true,
            },
            codeAction = {
                codeActionLiteralSupport = {
                    codeActionKind = {
                        valueSet = {
                            [1] = "",
                            [2] = "quickfix",
                            [3] = "refactor",
                            [4] = "refactor.extract",
                            [5] = "refactor.inline",
                            [6] = "refactor.rewrite",
                            [7] = "source",
                            [8] = "source.organizeImports",
                        },
                    },
                },
                dataSupport = true,
                disabledSupport = true,
                dynamicRegistration = true,
                honorsChangeAnnotations = false,
                isPreferredSupport = true,
                resolveSupport = {
                    properties = {
                        [1] = "edit",
                    },
                },
            },
            codeLens = {
                dynamicRegistration = true,
            },
            colorProvider = {
                dynamicRegistration = true,
            },
            completion = {
                completionItem = {
                    commitCharactersSupport = true,
                    deprecatedSupport = true,
                    documentationFormat = {
                        [1] = "markdown",
                        [2] = "plaintext",
                    },
                    insertReplaceSupport = true,
                    insertTextModeSupport = {
                        valueSet = {
                            [1] = 1,
                            [2] = 2,
                        },
                    },
                    preselectSupport = true,
                    resolveSupport = {
                        properties = {
                            [1] = "documentation",
                            [2] = "detail",
                            [3] = "additionalTextEdits",
                        },
                    },
                    snippetSupport = true,
                    tagSupport = {
                        valueSet = {
                            [1] = 1,
                        },
                    },
                },
                completionItemKind = {
                    valueSet = {
                        [01] = 1,
                        [02] = 2,
                        [03] = 3,
                        [04] = 4,
                        [05] = 5,
                        [06] = 6,
                        [07] = 7,
                        [08] = 8,
                        [09] = 9,
                        [10] = 10,
                        [11] = 11,
                        [12] = 12,
                        [13] = 13,
                        [14] = 14,
                        [15] = 15,
                        [16] = 16,
                        [17] = 17,
                        [18] = 18,
                        [19] = 19,
                        [20] = 20,
                        [21] = 21,
                        [22] = 22,
                        [23] = 23,
                        [24] = 24,
                        [25] = 25,
                    },
                },
                contextSupport = true,
                dynamicRegistration = true,
                insertTextMode = 2,
            },
            declaration = {
                dynamicRegistration = true,
            },
            definition = {
                dynamicRegistration = true,
            },
            documentHighlight = {
                dynamicRegistration = true,
            },
            documentLink = {
                dynamicRegistration = true,
                tooltipSupport = true,
            },
            documentSymbol = {
                dynamicRegistration = true,
                hierarchicalDocumentSymbolSupport = true,
                labelSupport = true,
                symbolKind = {
                    valueSet = {
                        [01] = 1,
                        [02] = 2,
                        [03] = 3,
                        [04] = 4,
                        [05] = 5,
                        [06] = 6,
                        [07] = 7,
                        [08] = 8,
                        [09] = 9,
                        [10] = 10,
                        [11] = 11,
                        [12] = 12,
                        [13] = 13,
                        [14] = 14,
                        [15] = 15,
                        [16] = 16,
                        [17] = 17,
                        [18] = 18,
                        [19] = 19,
                        [20] = 20,
                        [21] = 21,
                        [22] = 22,
                        [23] = 23,
                        [24] = 24,
                        [25] = 25,
                        [26] = 26,
                    },
                },
                tagSupport = {
                    valueSet = {
                        [1] = 1,
                    },
                },
            },
            foldingRange = {
                dynamicRegistration = true,
                lineFoldingOnly = true,
                rangeLimit = 5000,
            },
            formatting = {
                dynamicRegistration = true,
            },
            hover = {
                contentFormat = {
                    [1] = "markdown",
                    [2] = "plaintext",
                },
                dynamicRegistration = true,
            },
            implementation = {
                dynamicRegistration = true,
            },
            linkedEditingRange = {
                dynamicRegistration = true,
            },
            onTypeFormatting = {
                dynamicRegistration = true,
            },
            publishDiagnostics = {
                codeDescriptionSupport = true,
                dataSupport = true,
                relatedInformation = true,
                tagSupport = {
                    valueSet = {
                        [1] = 1,
                        [2] = 2,
                    },
                },
                versionSupport = true,
            },
            rangeFormatting = {
                dynamicRegistration = true,
            },
            references = {
                dynamicRegistration = true,
            },
            rename = {
                dynamicRegistration = true,
                prepareSupport = true,
            },
            selectionRange = {
                dynamicRegistration = true,
            },
            semanticTokens = {
                dynamicRegistration = true,
                formats = {
                    [1] = "relative",
                },
                multilineTokenSupport = false,
                overlappingTokenSupport = false,
                requests = {
                    full = {
                        delta = true,
                    },
                    range = true,
                },
                tokenModifiers = {
                    [01] = "declaration",
                    [02] = "definition",
                    [03] = "readonly",
                    [04] = "static",
                    [05] = "deprecated",
                    [06] = "abstract",
                    [07] = "async",
                    [08] = "modification",
                    [09] = "documentation",
                    [10] = "defaultLibrary",
                },
                tokenTypes = {
                    [01] = "namespace",
                    [02] = "type",
                    [03] = "class",
                    [04] = "enum",
                    [05] = "interface",
                    [06] = "struct",
                    [07] = "typeParameter",
                    [08] = "parameter",
                    [09] = "variable",
                    [10] = "property",
                    [11] = "enumMember",
                    [12] = "event",
                    [13] = "function",
                    [14] = "method",
                    [15] = "macro",
                    [16] = "keyword",
                    [17] = "modifier",
                    [18] = "comment",
                    [19] = "string",
                    [20] = "number",
                    [21] = "regexp",
                    [22] = "operator",
                },
            },
            signatureHelp = {
                contextSupport = true,
                dynamicRegistration = true,
                signatureInformation = {
                    activeParameterSupport = true,
                    documentationFormat = {
                        [1] = "markdown",
                        [2] = "plaintext",
                    },
                    parameterInformation = {
                        labelOffsetSupport = true,
                    },
                },
            },
            synchronization = {
                didSave = true,
                dynamicRegistration = true,
                willSave = true,
                willSaveWaitUntil = true,
            },
            typeDefinition = {
                dynamicRegistration = true,
            },
        },
        window = {
            showDocument = {
                support = true,
            },
            showMessage = {
                messageActionItem = {
                    additionalPropertiesSupport = true,
                },
            },
            workDoneProgress = true,
        },
        workspace = {
            applyEdit = true,
            codeLens = {
                refreshSupport = true,
            },
            configuration = true,
            didChangeConfiguration = {
                dynamicRegistration = true,
            },
            didChangeWatchedFiles = {
                dynamicRegistration = true,
            },
            executeCommand = {
                dynamicRegistration = true,
            },
            fileOperations = {
                didCreate = true,
                didDelete = true,
                didRename = true,
                dynamicRegistration = true,
                willCreate = true,
                willDelete = true,
                willRename = true,
            },
            semanticTokens = {
                refreshSupport = true,
            },
            symbol = {
                dynamicRegistration = true,
                symbolKind = {
                    valueSet = {
                        [01] = 1,
                        [02] = 2,
                        [03] = 3,
                        [04] = 4,
                        [05] = 5,
                        [06] = 6,
                        [07] = 7,
                        [08] = 8,
                        [09] = 9,
                        [10] = 10,
                        [11] = 11,
                        [12] = 12,
                        [13] = 13,
                        [14] = 14,
                        [15] = 15,
                        [16] = 16,
                        [17] = 17,
                        [18] = 18,
                        [19] = 19,
                        [20] = 20,
                        [21] = 21,
                        [22] = 22,
                        [23] = 23,
                        [24] = 24,
                        [25] = 25,
                        [26] = 26,
                    },
                },
                tagSupport = {
                    valueSet = {
                        [1] = 1,
                    },
                },
            },
            workspaceEdit = {
                documentChanges = true,
                failureHandling = "textOnlyTransactional",
                normalizesLineEndings = true,
                resourceOperations = {
                    [1] = "create",
                    [2] = "rename",
                    [3] = "delete",
                },
            },
            workspaceFolders = true,
        },
    },
    clientInfo = {
        name = "coc.nvim",
        version = "0.0.80",
    },
    initializationOptions = {
        changeConfiguration = true,
    },
    locale = "en_US",
    processId = 2955,
    rootPath = "/home/youzark/.config/nvim",
    rootUri = "file:///home/youzark/.config/nvim",
    trace = "off",
    workDoneToken = "3b14aee6-0648-460a-be4d-c4fd9f731680",
    workspaceFolders = {
        [1] = {
            name = "pytorchTutorial",
            uri = "file:///home/youzark/Computer/AI/pytorchTutorial",
        },
        [2] = {
            name = "nvim",
            uri = "file:///home/youzark/.config/nvim",
        },
    },
}
[09:57:35.903][info] [#0:script/language.lua:135]: VSC language: en-us
[09:57:35.903][info] [#0:script/language.lua:136]: LS  language: en-us
[09:57:35.903][info] [#0:script/workspace/workspace.lua:39]: Workspace init root: 	file:///home/youzark/.config/nvim
[09:57:35.903][info] [#0:script/workspace/workspace.lua:43]: Log path: 	/home/youzark/.config/coc/extensions/coc-sumneko-lua-data/sumneko-lua-ls/extension/server/log/file_home_youzark_.config_nvim.log
[09:57:35.903][info] [#0:script/workspace/workspace.lua:49]: Workspace create: 	file:///home/youzark/Computer/AI/pytorchTutorial
[09:57:35.903][info] [#0:script/workspace/workspace.lua:49]: Workspace create: 	file:///home/youzark/.config/nvim
[09:57:36.106][debug][#0:script/provider/provider.lua:36]: Load config from client	file:///home/youzark/Computer/AI/pytorchTutorial
[09:57:36.107][debug][#0:script/provider/provider.lua:37]: {
    Lua = {
        color = {
            mode = "Semantic",
        },
        completion = {
            autoRequire = true,
            callSnippet = "Disable",
            displayContext = 0,
            enable = true,
            keywordSnippet = "Replace",
            requireSeparator = ".",
            showParams = true,
            showWord = "Fallback",
            workspaceWord = true,
        },
        diagnostics = {
            enable = true,
            ignoredFiles = "Opened",
            libraryFiles = "Opened",
            workspaceDelay = 0,
            workspaceRate = 100,
        },
        hint = {
            enable = true,
            paramName = "All",
            paramType = true,
            setType = false,
        },
        hover = {
            enable = true,
            enumsLimit = 5,
            fieldInfer = 3000,
            previewFields = 20,
            viewNumber = true,
            viewString = true,
            viewStringMax = 1000,
        },
        intelliSense = {
            searchDepth = 0,
        },
        misc = {
            parameters = {
            },
        },
        runtime = {
            fileEncoding = "utf8",
            path = {
                [1] = "?.lua",
                [2] = "?/init.lua",
            },
            plugin = "",
            unicodeName = false,
            version = "Lua 5.4",
        },
        signatureHelp = {
            enable = true,
        },
        telemetry = {
            enable = true,
        },
        window = {
            progressBar = true,
            statusBar = true,
        },
        workspace = {
            checkThirdParty = true,
            ignoreDir = {
                [1] = ".vscode",
            },
            ignoreSubmodules = true,
            maxPreload = 1000,
            preloadFileSize = 100,
            useGitIgnore = true,
        },
    },
}
[09:57:36.208][debug][#0:script/provider/provider.lua:36]: Load config from client	file:///home/youzark/.config/nvim
[09:57:36.209][debug][#0:script/provider/provider.lua:37]: {
    Lua = {
        color = {
            mode = "Semantic",
        },
        completion = {
            autoRequire = true,
            callSnippet = "Disable",
            displayContext = 0,
            enable = true,
            keywordSnippet = "Replace",
            requireSeparator = ".",
            showParams = true,
            showWord = "Fallback",
            workspaceWord = true,
        },
        diagnostics = {
            enable = true,
            ignoredFiles = "Opened",
            libraryFiles = "Opened",
            workspaceDelay = 0,
            workspaceRate = 100,
        },
        hint = {
            enable = true,
            paramName = "All",
            paramType = true,
            setType = false,
        },
        hover = {
            enable = true,
            enumsLimit = 5,
            fieldInfer = 3000,
            previewFields = 20,
            viewNumber = true,
            viewString = true,
            viewStringMax = 1000,
        },
        intelliSense = {
            searchDepth = 0,
        },
        misc = {
            parameters = {
            },
        },
        runtime = {
            fileEncoding = "utf8",
            path = {
                [1] = "?.lua",
                [2] = "?/init.lua",
            },
            plugin = "",
            unicodeName = false,
            version = "Lua 5.4",
        },
        signatureHelp = {
            enable = true,
        },
        telemetry = {
            enable = true,
        },
        window = {
            progressBar = true,
            statusBar = true,
        },
        workspace = {
            checkThirdParty = true,
            ignoreDir = {
                [1] = ".vscode",
            },
            ignoreSubmodules = true,
            maxPreload = 1000,
            preloadFileSize = 100,
            useGitIgnore = true,
        },
    },
}
[09:57:36.310][debug][#0:script/provider/provider.lua:50]: Load config from client	fallback
[09:57:36.311][debug][#0:script/provider/provider.lua:51]: {
    Lua = {
        color = {
            mode = "Semantic",
        },
        completion = {
            autoRequire = true,
            callSnippet = "Disable",
            displayContext = 0,
            enable = true,
            keywordSnippet = "Replace",
            requireSeparator = ".",
            showParams = true,
            showWord = "Fallback",
            workspaceWord = true,
        },
        diagnostics = {
            enable = true,
            ignoredFiles = "Opened",
            libraryFiles = "Opened",
            workspaceDelay = 0,
            workspaceRate = 100,
        },
        hint = {
            enable = true,
            paramName = "All",
            paramType = true,
            setType = false,
        },
        hover = {
            enable = true,
            enumsLimit = 5,
            fieldInfer = 3000,
            previewFields = 20,
            viewNumber = true,
            viewString = true,
            viewStringMax = 1000,
        },
        intelliSense = {
            searchDepth = 0,
        },
        misc = {
            parameters = {
            },
        },
        runtime = {
            fileEncoding = "utf8",
            path = {
                [1] = "?.lua",
                [2] = "?/init.lua",
            },
            plugin = "",
            unicodeName = false,
            version = "Lua 5.4",
        },
        signatureHelp = {
            enable = true,
        },
        telemetry = {
            enable = true,
        },
        window = {
            progressBar = true,
            statusBar = true,
        },
        workspace = {
            checkThirdParty = true,
            ignoreDir = {
                [1] = ".vscode",
            },
            ignoreSubmodules = true,
            maxPreload = 1000,
            preloadFileSize = 100,
            useGitIgnore = true,
        },
    },
}
[09:57:36.478][info] [#0:script/plugin.lua:82]: plugin path:	nil
[09:57:36.478][debug][#0:script/provider/completion.lua:37]: Enable completion.
[09:57:36.478][debug][#0:script/provider/semantic-tokens.lua:50]: Refresh semantic tokens.
[09:57:36.478][debug][#0:script/provider/semantic-tokens.lua:50]: Refresh semantic tokens.
[09:57:36.478][debug][#0:script/provider/semantic-tokens.lua:50]: Refresh semantic tokens.
[09:57:36.478][info] [#0:script/workspace/workspace.lua:264]: Preload start:	file:///home/youzark/Computer/AI/pytorchTutorial
[09:57:36.478][info] [#0:script/workspace/workspace.lua:264]: Preload start:	file:///home/youzark/.config/nvim
[09:57:36.478][info] [#0:script/workspace/workspace.lua:264]: Preload start:	<fallback>
[09:57:36.478][info] [#0:script/workspace/workspace.lua:140]: Ignore directory:	.vscode
[09:57:36.478][info] [#0:script/workspace/workspace.lua:286]: Found 0 files at:	<fallback>
[09:57:36.478][info] [#0:script/workspace/workspace.lua:288]: Preload finish at:	<fallback>
[09:57:36.579][info] [#0:script/workspace/workspace.lua:140]: Ignore directory:	.vscode
[09:57:36.579][info] [#0:script/workspace/workspace.lua:270]: Scan files at:	file:///home/youzark/Computer/AI/pytorchTutorial
[09:57:36.582][info] [#0:script/workspace/workspace.lua:278]: Scan library at:	file:///home/youzark/.config/coc/extensions/coc-sumneko-lua-data/sumneko-lua-ls/extension/server/meta/Lua%205.4%20en-us%20utf8
[09:57:36.584][info] [#0:script/workspace/workspace.lua:286]: Found 11 files at:	file:///home/youzark/Computer/AI/pytorchTutorial
[09:57:36.584][info] [#0:script/workspace/loading.lua:141]: Loaded 0/11 files
[09:57:36.585][info] [#0:script/workspace/workspace.lua:140]: Ignore directory:	.vscode
[09:57:36.585][info] [#0:script/workspace/workspace.lua:270]: Scan files at:	file:///home/youzark/.config/nvim
[09:57:36.590][info] [#0:script/workspace/workspace.lua:278]: Scan library at:	file:///home/youzark/.config/coc/extensions/coc-sumneko-lua-data/sumneko-lua-ls/extension/server/meta/Lua%205.4%20en-us%20utf8
[09:57:36.596][info] [#0:script/workspace/workspace.lua:286]: Found 24 files at:	file:///home/youzark/.config/nvim
[09:57:36.596][info] [#0:script/workspace/loading.lua:141]: Loaded 0/24 files
[09:57:37.828][info] [#0:script/workspace/loading.lua:141]: Loaded 0/11 files
[09:57:37.828][info] [#0:script/workspace/loading.lua:82]: Preload file at: file:///home/youzark/.config/coc/extensions/coc-sumneko-lua-data/sumneko-lua-ls/extension/server/meta/Lua%205.4%20en-us%20utf8/io.lua , size = 6.375 KB
[09:57:37.866][info] [#0:script/workspace/loading.lua:87]: ++++As library of:	file:///home/youzark/.config/coc/extensions/coc-sumneko-lua-data/sumneko-lua-ls/extension/server/meta/Lua%205.4%20en-us%20utf8
[09:57:37.866][info] [#0:script/workspace/loading.lua:141]: Loaded 0/24 files
[09:57:37.866][info] [#0:script/workspace/loading.lua:82]: Preload file at: file:///home/youzark/.config/nvim/lua/utils.lua , size = 4.253 KB
[09:57:37.881][info] [#0:script/workspace/loading.lua:82]: Preload file at: file:///home/youzark/.config/coc/extensions/coc-sumneko-lua-data/sumneko-lua-ls/extension/server/meta/Lua%205.4%20en-us%20utf8/string.lua , size = 6.207 KB
[09:57:37.891][info] [#0:script/workspace/loading.lua:87]: ++++As library of:	file:///home/youzark/.config/coc/extensions/coc-sumneko-lua-data/sumneko-lua-ls/extension/server/meta/Lua%205.4%20en-us%20utf8
[09:57:37.891][info] [#0:script/workspace/loading.lua:82]: Preload file at: file:///home/youzark/.config/coc/extensions/coc-sumneko-lua-data/sumneko-lua-ls/extension/server/meta/Lua%205.4%20en-us%20utf8/io.lua , size = 6.375 KB
[09:57:37.891][info] [#0:script/workspace/loading.lua:87]: ++++As library of:	file:///home/youzark/.config/coc/extensions/coc-sumneko-lua-data/sumneko-lua-ls/extension/server/meta/Lua%205.4%20en-us%20utf8
[09:57:37.892][info] [#0:script/workspace/loading.lua:82]: Preload file at: file:///home/youzark/.config/coc/extensions/coc-sumneko-lua-data/sumneko-lua-ls/extension/server/meta/Lua%205.4%20en-us%20utf8/utf8.lua , size = 2.352 KB
[09:57:37.894][info] [#0:script/workspace/loading.lua:87]: ++++As library of:	file:///home/youzark/.config/coc/extensions/coc-sumneko-lua-data/sumneko-lua-ls/extension/server/meta/Lua%205.4%20en-us%20utf8
[09:57:37.895][info] [#0:script/workspace/loading.lua:82]: Preload file at: file:///home/youzark/.config/coc/extensions/coc-sumneko-lua-data/sumneko-lua-ls/extension/server/meta/Lua%205.4%20en-us%20utf8/string.lua , size = 6.207 KB
[09:57:37.895][info] [#0:script/workspace/loading.lua:87]: ++++As library of:	file:///home/youzark/.config/coc/extensions/coc-sumneko-lua-data/sumneko-lua-ls/extension/server/meta/Lua%205.4%20en-us%20utf8
[09:57:37.895][info] [#0:script/workspace/loading.lua:82]: Preload file at: file:///home/youzark/.config/coc/extensions/coc-sumneko-lua-data/sumneko-lua-ls/extension/server/meta/Lua%205.4%20en-us%20utf8/package.lua , size = 2.937 KB
[09:57:37.898][info] [#0:script/workspace/loading.lua:87]: ++++As library of:	file:///home/youzark/.config/coc/extensions/coc-sumneko-lua-data/sumneko-lua-ls/extension/server/meta/Lua%205.4%20en-us%20utf8
[09:57:37.898][info] [#0:script/workspace/loading.lua:82]: Preload file at: file:///home/youzark/.config/coc/extensions/coc-sumneko-lua-data/sumneko-lua-ls/extension/server/meta/Lua%205.4%20en-us%20utf8/utf8.lua , size = 2.352 KB
[09:57:37.898][info] [#0:script/workspace/loading.lua:87]: ++++As library of:	file:///home/youzark/.config/coc/extensions/coc-sumneko-lua-data/sumneko-lua-ls/extension/server/meta/Lua%205.4%20en-us%20utf8
[09:57:37.899][info] [#0:script/workspace/loading.lua:82]: Preload file at: file:///home/youzark/.config/coc/extensions/coc-sumneko-lua-data/sumneko-lua-ls/extension/server/meta/Lua%205.4%20en-us%20utf8/basic.lua , size = 13.954 KB
[09:57:37.909][info] [#0:script/workspace/loading.lua:87]: ++++As library of:	file:///home/youzark/.config/coc/extensions/coc-sumneko-lua-data/sumneko-lua-ls/extension/server/meta/Lua%205.4%20en-us%20utf8
[09:57:37.909][info] [#0:script/workspace/loading.lua:82]: Preload file at: file:///home/youzark/.config/coc/extensions/coc-sumneko-lua-data/sumneko-lua-ls/extension/server/meta/Lua%205.4%20en-us%20utf8/package.lua , size = 2.937 KB
[09:57:37.909][info] [#0:script/workspace/loading.lua:87]: ++++As library of:	file:///home/youzark/.config/coc/extensions/coc-sumneko-lua-data/sumneko-lua-ls/extension/server/meta/Lua%205.4%20en-us%20utf8
[09:57:37.910][info] [#0:script/workspace/loading.lua:82]: Preload file at: file:///home/youzark/.config/coc/extensions/coc-sumneko-lua-data/sumneko-lua-ls/extension/server/meta/Lua%205.4%20en-us%20utf8/math.lua , size = 8.633 KB
[09:57:37.918][info] [#0:script/workspace/loading.lua:87]: ++++As library of:	file:///home/youzark/.config/coc/extensions/coc-sumneko-lua-data/sumneko-lua-ls/extension/server/meta/Lua%205.4%20en-us%20utf8
[09:57:37.918][info] [#0:script/workspace/loading.lua:82]: Preload file at: file:///home/youzark/.config/coc/extensions/coc-sumneko-lua-data/sumneko-lua-ls/extension/server/meta/Lua%205.4%20en-us%20utf8/basic.lua , size = 13.954 KB
[09:57:37.918][info] [#0:script/workspace/loading.lua:87]: ++++As library of:	file:///home/youzark/.config/coc/extensions/coc-sumneko-lua-data/sumneko-lua-ls/extension/server/meta/Lua%205.4%20en-us%20utf8
[09:57:37.918][info] [#0:script/workspace/loading.lua:82]: Preload file at: file:///home/youzark/.config/coc/extensions/coc-sumneko-lua-data/sumneko-lua-ls/extension/server/meta/Lua%205.4%20en-us%20utf8/table.lua , size = 2.767 KB
[09:57:37.920][info] [#0:script/workspace/loading.lua:87]: ++++As library of:	file:///home/youzark/.config/coc/extensions/coc-sumneko-lua-data/sumneko-lua-ls/extension/server/meta/Lua%205.4%20en-us%20utf8
[09:57:37.920][info] [#0:script/workspace/loading.lua:82]: Preload file at: file:///home/youzark/.config/coc/extensions/coc-sumneko-lua-data/sumneko-lua-ls/extension/server/meta/Lua%205.4%20en-us%20utf8/math.lua , size = 8.633 KB
[09:57:37.920][info] [#0:script/workspace/loading.lua:87]: ++++As library of:	file:///home/youzark/.config/coc/extensions/coc-sumneko-lua-data/sumneko-lua-ls/extension/server/meta/Lua%205.4%20en-us%20utf8
[09:57:37.921][info] [#0:script/workspace/loading.lua:82]: Preload file at: file:///home/youzark/.config/coc/extensions/coc-sumneko-lua-data/sumneko-lua-ls/extension/server/meta/Lua%205.4%20en-us%20utf8/debug.lua , size = 7.516 KB
[09:57:37.928][info] [#0:script/workspace/loading.lua:87]: ++++As library of:	file:///home/youzark/.config/coc/extensions/coc-sumneko-lua-data/sumneko-lua-ls/extension/server/meta/Lua%205.4%20en-us%20utf8
[09:57:37.928][info] [#0:script/workspace/loading.lua:82]: Preload file at: file:///home/youzark/.config/coc/extensions/coc-sumneko-lua-data/sumneko-lua-ls/extension/server/meta/Lua%205.4%20en-us%20utf8/table.lua , size = 2.767 KB
[09:57:37.928][info] [#0:script/workspace/loading.lua:87]: ++++As library of:	file:///home/youzark/.config/coc/extensions/coc-sumneko-lua-data/sumneko-lua-ls/extension/server/meta/Lua%205.4%20en-us%20utf8
[09:57:37.929][info] [#0:script/workspace/loading.lua:82]: Preload file at: file:///home/youzark/.config/coc/extensions/coc-sumneko-lua-data/sumneko-lua-ls/extension/server/meta/Lua%205.4%20en-us%20utf8/os.lua , size = 4.299 KB
[09:57:37.933][info] [#0:script/workspace/loading.lua:87]: ++++As library of:	file:///home/youzark/.config/coc/extensions/coc-sumneko-lua-data/sumneko-lua-ls/extension/server/meta/Lua%205.4%20en-us%20utf8
[09:57:37.933][info] [#0:script/workspace/loading.lua:82]: Preload file at: file:///home/youzark/.config/coc/extensions/coc-sumneko-lua-data/sumneko-lua-ls/extension/server/meta/Lua%205.4%20en-us%20utf8/os.lua , size = 4.299 KB
[09:57:37.933][info] [#0:script/workspace/loading.lua:87]: ++++As library of:	file:///home/youzark/.config/coc/extensions/coc-sumneko-lua-data/sumneko-lua-ls/extension/server/meta/Lua%205.4%20en-us%20utf8
[09:57:37.934][info] [#0:script/workspace/loading.lua:82]: Preload file at: file:///home/youzark/.config/coc/extensions/coc-sumneko-lua-data/sumneko-lua-ls/extension/server/meta/Lua%205.4%20en-us%20utf8/coroutine.lua , size = 2.573 KB
[09:57:37.935][info] [#0:script/workspace/loading.lua:87]: ++++As library of:	file:///home/youzark/.config/coc/extensions/coc-sumneko-lua-data/sumneko-lua-ls/extension/server/meta/Lua%205.4%20en-us%20utf8
[09:57:37.935][info] [#0:script/workspace/loading.lua:82]: Preload file at: file:///home/youzark/.config/coc/extensions/coc-sumneko-lua-data/sumneko-lua-ls/extension/server/meta/Lua%205.4%20en-us%20utf8/debug.lua , size = 7.516 KB
[09:57:37.935][info] [#0:script/workspace/loading.lua:87]: ++++As library of:	file:///home/youzark/.config/coc/extensions/coc-sumneko-lua-data/sumneko-lua-ls/extension/server/meta/Lua%205.4%20en-us%20utf8
[09:57:37.936][info] [#0:script/workspace/loading.lua:82]: Preload file at: file:///home/youzark/.config/coc/extensions/coc-sumneko-lua-data/sumneko-lua-ls/extension/server/meta/Lua%205.4%20en-us%20utf8/builtin.lua , size = 0.216 KB
[09:57:37.938][info] [#0:script/workspace/loading.lua:87]: ++++As library of:	file:///home/youzark/.config/coc/extensions/coc-sumneko-lua-data/sumneko-lua-ls/extension/server/meta/Lua%205.4%20en-us%20utf8
[09:57:37.938][info] [#0:script/workspace/loading.lua:82]: Preload file at: file:///home/youzark/.config/coc/extensions/coc-sumneko-lua-data/sumneko-lua-ls/extension/server/meta/Lua%205.4%20en-us%20utf8/coroutine.lua , size = 2.573 KB
[09:57:37.938][info] [#0:script/workspace/loading.lua:87]: ++++As library of:	file:///home/youzark/.config/coc/extensions/coc-sumneko-lua-data/sumneko-lua-ls/extension/server/meta/Lua%205.4%20en-us%20utf8
[09:57:37.938][info] [#0:script/workspace/loading.lua:82]: Preload file at: file:///home/youzark/.config/coc/extensions/coc-sumneko-lua-data/sumneko-lua-ls/extension/server/meta/Lua%205.4%20en-us%20utf8/builtin.lua , size = 0.216 KB
[09:57:37.938][info] [#0:script/workspace/loading.lua:87]: ++++As library of:	file:///home/youzark/.config/coc/extensions/coc-sumneko-lua-data/sumneko-lua-ls/extension/server/meta/Lua%205.4%20en-us%20utf8
[09:57:37.939][info] [#0:script/workspace/loading.lua:82]: Preload file at: file:///home/youzark/.config/nvim/plugin/glob_mapping.lua , size = 3.251 KB
[09:57:37.940][info] [#0:script/workspace/loading.lua:82]: Preload file at: file:///home/youzark/.config/nvim/plugin/packer_compiled.lua , size = 9.050 KB
[09:57:37.945][info] [#0:script/workspace/loading.lua:82]: Preload file at: file:///home/youzark/.config/nvim/lua/options.lua , size = 0.145 KB
[09:57:37.945][info] [#0:script/workspace/loading.lua:82]: Preload file at: file:///home/youzark/.config/nvim/lua/plugins.lua , size = 2.433 KB
[09:57:37.946][info] [#0:script/workspace/loading.lua:82]: Preload file at: file:///home/youzark/.config/nvim/lua/init.lua , size = 0.039 KB
[09:57:37.947][info] [#0:script/workspace/loading.lua:82]: Preload file at: file:///home/youzark/.config/nvim/after/plugin/telescope_conf.lua , size = 2.032 KB
[09:57:37.948][info] [#0:script/workspace/loading.lua:82]: Preload file at: file:///home/youzark/.config/nvim/after/plugin/coc_conf.lua , size = 0.673 KB
[09:57:37.948][info] [#0:script/workspace/loading.lua:82]: Preload file at: file:///home/youzark/.config/nvim/after/plugin/treesitter_conf.lua , size = 0.158 KB
[09:57:37.951][info] [#0:script/workspace/loading.lua:82]: Preload file at: file:///home/youzark/.config/nvim/after/plugin/sel_theme.lua , size = 0.290 KB
[09:57:37.951][info] [#0:script/workspace/loading.lua:82]: Preload file at: file:///home/youzark/.config/nvim/after/plugin/spector_conf.lua , size = 1.031 KB
[09:57:37.952][info] [#0:script/workspace/loading.lua:82]: Preload file at: file:///home/youzark/.config/nvim/after/plugin/ipython.lua , size = 0.000 KB
[09:57:37.952][info] [#0:script/workspace/loading.lua:82]: Preload file at: file:///home/youzark/.config/nvim/after/ftplugin/python/ipython.lua , size = 0.188 KB
[09:57:37.952][info] [#0:script/workspace/workspace.lua:288]: Preload finish at:	file:///home/youzark/Computer/AI/pytorchTutorial
[09:57:37.953][info] [#0:script/workspace/workspace.lua:288]: Preload finish at:	file:///home/youzark/.config/nvim
[09:57:37.953][debug][#0:script/proto/proto.lua:170]: Method [textDocument/didOpen] takes [0.204]sec. {
    jsonrpc = "2.0",
    method = "textDocument/didOpen",
    params = {
        textDocument = {
            languageId = "lua",
            text = "***",
            uri = "file:///home/youzark/.config/nvim/lua/plugins.lua",
            version = 1,
        },
    },
}
[09:57:37.984][debug][#0:script/provider/diagnostic.lua:247]: publishDiagnostics	file:///home/youzark/.config/nvim/lua/plugins.lua	1
[09:57:39.900][debug][#0:script/provider/diagnostic.lua:247]: publishDiagnostics	file:///home/youzark/.config/nvim/after/ftplugin/python/ipython.lua	2
[09:57:39.901][debug][#0:script/provider/diagnostic.lua:247]: publishDiagnostics	file:///home/youzark/.config/nvim/after/plugin/coc_conf.lua	6
[09:57:39.913][debug][#0:script/provider/diagnostic.lua:247]: publishDiagnostics	file:///home/youzark/.config/nvim/after/plugin/spector_conf.lua	10
[09:57:39.915][debug][#0:script/provider/diagnostic.lua:247]: publishDiagnostics	file:///home/youzark/.config/nvim/after/plugin/telescope_conf.lua	6
[09:57:39.922][debug][#0:script/provider/diagnostic.lua:247]: publishDiagnostics	file:///home/youzark/.config/nvim/lua/options.lua	2
[09:57:39.925][debug][#0:script/provider/diagnostic.lua:247]: publishDiagnostics	file:///home/youzark/.config/nvim/lua/utils.lua	2
[09:57:39.927][debug][#0:script/provider/diagnostic.lua:247]: publishDiagnostics	file:///home/youzark/.config/nvim/lua/utils.lua	21
[09:57:39.929][debug][#0:script/provider/diagnostic.lua:247]: publishDiagnostics	file:///home/youzark/.config/nvim/plugin/glob_mapping.lua	28
[09:57:39.931][debug][#0:script/provider/diagnostic.lua:247]: publishDiagnostics	file:///home/youzark/.config/nvim/plugin/packer_compiled.lua	8
[09:57:39.932][debug][#0:script/provider/diagnostic.lua:379]: 全文诊断耗时：	0.093339
[09:57:39.932][debug][#0:script/provider/diagnostic.lua:379]: 全文诊断耗时：	0.092815
[09:58:26.812][debug][#0:script/provider/diagnostic.lua:247]: publishDiagnostics	file:///home/youzark/.config/nvim/lua/plugins.lua	3
[09:58:26.816][debug][#0:script/provider/diagnostic.lua:247]: publishDiagnostics	file:///home/youzark/.config/nvim/lua/plugins.lua	7
[09:58:27.442][debug][#0:script/provider/diagnostic.lua:247]: publishDiagnostics	file:///home/youzark/.config/nvim/lua/plugins.lua	5
[09:58:27.447][debug][#0:script/provider/diagnostic.lua:247]: publishDiagnostics	file:///home/youzark/.config/nvim/lua/plugins.lua	1
[09:58:28.267][debug][#0:script/provider/diagnostic.lua:247]: publishDiagnostics	file:///home/youzark/.config/nvim/lua/plugins.lua	2
[09:58:28.672][debug][#0:script/provider/diagnostic.lua:247]: publishDiagnostics	file:///home/youzark/.config/nvim/lua/plugins.lua	3
[09:58:28.693][debug][#0:script/provider/diagnostic.lua:247]: publishDiagnostics	file:///home/youzark/.config/nvim/lua/plugins.lua	3
[09:58:28.798][debug][#0:script/provider/diagnostic.lua:247]: publishDiagnostics	file:///home/youzark/.config/nvim/lua/plugins.lua	2
[09:58:28.803][debug][#0:script/provider/diagnostic.lua:247]: publishDiagnostics	file:///home/youzark/.config/nvim/lua/plugins.lua	1
[09:58:33.911][debug][#0:script/provider/diagnostic.lua:379]: 全文诊断耗时：	0.064625
[09:58:35.847][debug][#0:script/service/service.lua:139]: 
========= Medical Examination Report =========
    --------------- Memory ---------------
        Total: 12.545 MB
        # 00 : 6.943 MB
        # 01 : 1.352 MB
        # 02 : 1.352 MB
        # 03 : 1.482 MB
        # 04 : 1.416 MB
    --------------- Coroutine ---------------
        Total:     3
        Running:   0
        Suspended: 0
        Normal:    0
        Dead:      3
    --------------- Cache ---------------
        Total: 1
        Dead:  0
    ---------------  RPC  ---------------
        Holdon:   0
        Waiting:  0
==============================================
[09:58:39.904][debug][#0:script/provider/diagnostic.lua:379]: 全文诊断耗时：	0.056056
[09:58:44.909][debug][#0:script/provider/diagnostic.lua:379]: 全文诊断耗时：	0.061402
[09:58:48.886][debug][#0:script/provider/diagnostic.lua:379]: 全文诊断耗时：	0.038357
[09:58:51.770][debug][#0:script/provider/diagnostic.lua:247]: publishDiagnostics	file:///home/youzark/.config/nvim/lua/plugins.lua	2
[09:58:51.789][debug][#0:script/provider/diagnostic.lua:247]: publishDiagnostics	file:///home/youzark/.config/nvim/lua/plugins.lua	3
[09:58:52.712][debug][#0:script/provider/diagnostic.lua:247]: publishDiagnostics	file:///home/youzark/.config/nvim/lua/plugins.lua	2
[09:58:52.720][debug][#0:script/provider/diagnostic.lua:247]: publishDiagnostics	file:///home/youzark/.config/nvim/lua/plugins.lua	1
[09:58:53.889][debug][#0:script/provider/diagnostic.lua:379]: 全文诊断耗时：	0.039555
[09:59:35.856][debug][#0:script/service/service.lua:139]: 
========= Medical Examination Report =========
    --------------- Memory ---------------
        Total: 11.793 MB
        # 00 : 6.191 MB
        # 01 : 1.352 MB
        # 02 : 1.352 MB
        # 03 : 1.482 MB
        # 04 : 1.416 MB
    --------------- Coroutine ---------------
        Total:     0
        Running:   0
        Suspended: 0
        Normal:    0
        Dead:      0
    --------------- Cache ---------------
        Total: 1
        Dead:  0
    ---------------  RPC  ---------------
        Holdon:   0
        Waiting:  0
==============================================
[10:00:35.865][debug][#0:script/service/service.lua:139]: 
========= Medical Examination Report =========
    --------------- Memory ---------------
        Total: 11.895 MB
        # 00 : 6.293 MB
        # 01 : 1.352 MB
        # 02 : 1.352 MB
        # 03 : 1.482 MB
        # 04 : 1.416 MB
    --------------- Coroutine ---------------
        Total:     0
        Running:   0
        Suspended: 0
        Normal:    0
        Dead:      0
    --------------- Cache ---------------
        Total: 1
        Dead:  0
    ---------------  RPC  ---------------
        Holdon:   0
        Waiting:  0
==============================================
[10:01:09.872][debug][#0:script/workspace/workspace.lua:513]: FileChangeType.Deleted	file:///home/youzark/.config/nvim/4913
[10:01:09.872][debug][#0:script/workspace/workspace.lua:510]: FileChangeType.Created	file:///home/youzark/.config/nvim/init.vim
[10:01:09.872][info] [#0:script/workspace/workspace.lua:222]: Scan files at:	file:///home/youzark/.config/nvim/init.vim
[10:01:09.873][debug][#0:script/workspace/workspace.lua:513]: FileChangeType.Deleted	file:///home/youzark/.config/nvim/init.vim~
[10:01:35.874][debug][#0:script/service/service.lua:139]: 
========= Medical Examination Report =========
    --------------- Memory ---------------
        Total: 12.011 MB
        # 00 : 6.410 MB
        # 01 : 1.352 MB
        # 02 : 1.352 MB
        # 03 : 1.482 MB
        # 04 : 1.416 MB
    --------------- Coroutine ---------------
        Total:     2
        Running:   0
        Suspended: 0
        Normal:    0
        Dead:      2
    --------------- Cache ---------------
        Total: 1
        Dead:  0
    ---------------  RPC  ---------------
        Holdon:   0
        Waiting:  0
==============================================
[10:01:59.877][debug][#0:script/workspace/workspace.lua:513]: FileChangeType.Deleted	file:///home/youzark/Computer/AI/pytorchTutorial/4913
[10:01:59.877][debug][#0:script/workspace/workspace.lua:513]: FileChangeType.Deleted	file:///home/youzark/Computer/AI/pytorchTutorial/quickstart.py~
[10:01:59.877][debug][#0:script/workspace/workspace.lua:510]: FileChangeType.Created	file:///home/youzark/Computer/AI/pytorchTutorial/quickstart.py
[10:01:59.877][info] [#0:script/workspace/workspace.lua:222]: Scan files at:	file:///home/youzark/Computer/AI/pytorchTutorial/quickstart.py
